


ARM Macro Assembler    Page 1 


    1 00000000                 thumb
    2 00000000                 AREA             dft, code, READONLY
    3 00000000                 import           TabSin
    4 00000000                 import           TabCos
    5 00000000                 import           TabSig
    6 00000000                 export           m2
    7 00000000         
    8 00000000         ; r0 contient k
    9 00000000         ; r1 cotient TabCos
   10 00000000         ; r2 contient adresse du signal
   11 00000000         ; r3 contient x(i) 
   12 00000000         ; r4 contient cos(i*k)
   13 00000000         ; r5 contient i*k
   14 00000000         ; r6 la somme des x(i)cos(ik)
   15 00000000         ; r7 contient x(i)cos(ik)
   16 00000000         ; r12 contient i
   17 00000000         
   18 00000000         
   19 00000000 00000040 
                       N       EQU              64
   20 00000000         
   21 00000000         calculdft
                               proc
   22 00000000 B500            push             {lr}
   23 00000002 B4F0            push             {r4,r5,r6, r7}
   24 00000004         
   25 00000004 F04F 0C00       mov              r12, #0x00  ; on initialise i à
                                                             0
   26 00000008 4916            ldr              r1, =TabCos ; adresse de TabCos
                                                             
   27 0000000A 4A17            ldr              r2, =TabSig ; adresse de TabSig
                                                            
   28 0000000C         
   29 0000000C         
   30 0000000C F04F 0300       mov              r3,#0
   31 00000010 F04F 0600       mov              r6,#0
   32 00000014         
   33 00000014         
   34 00000014         
   35 00000014         loop
   36 00000014 FB0C F500       mul              r5,r12,r0   ; i * k
   37 00000018 F005 053F       and              r5,r5, #63  ; modulo 64
   38 0000001C         ;r5 contient desormais i*k mod 64
   39 0000001C         
   40 0000001C F931 4015       ldrsh            r4, [r1, r5, lsl #0x01] 
                                                            ; cos(ik)
   41 00000020 F932 301C       ldrsh            r3, [r2,r12, lsl #0x01] ; x(i)
   42 00000024         
   43 00000024 FB03 F704       mul              r7,r3,r4    ; r7 contient desor
                                                            mais x(i)*cos(ik)
   44 00000028         
   45 00000028 443E            add              r6,r7       ; on l'ajoute à la 
                                                            somme
   46 0000002A         
   47 0000002A F10C 0C01       add              r12, #0x01  ; on incremente i
   48 0000002E         
   49 0000002E F1BC 0F40       cmp              r12,#N      ; comparaison entre
                                                             i et N (64)
   50 00000032         



ARM Macro Assembler    Page 2 


   51 00000032 D1EF            bne              loop        ; i/=N : on continu
                                                            e la boucle
   52 00000034 D0FF            beq              end_loop    ; i=N : on sort
   53 00000036         
   54 00000036         end_loop
   55 00000036 4630            mov              r0, r6
   56 00000038 BCF0            pop              {r4-r7}
   57 0000003A BD00            pop              {pc}
   58 0000003C         
   59 0000003C                 endp
   60 0000003C         
   61 0000003C         
   62 0000003C         
   63 0000003C         
   64 0000003C         
   65 0000003C         
   66 0000003C         
   67 0000003C         
   68 0000003C         m2      proc
   69 0000003C B500            push             {lr}
   70 0000003E B473            push             {r4,r5,r6,r0,r1}
   71 00000040 4A08            ldr              r2,=TabCos
   72 00000042 F7FF FFFE       bl               calculdft
   73 00000046         ;desormais r0 contient le retour de calculdft
   74 00000046 FB80 5400       smull            r5,r4,r0,r0 ;on met dans r4, r5
                                                             le carré de la par
                                                            tie réelle 
   75 0000004A BC03            pop{r0,          r1}
   76 0000004C         
   77 0000004C         
   78 0000004C 4A07            ldr              r2,=TabSin
   79 0000004E B410            push             {r4}
   80 00000050 F7FF FFFE       bl               calculdft
   81 00000054         ;desormais r0 contient le retour de calculdft
   82 00000054 F04F 0600       mov              r6, #0x0
   83 00000058 FB80 6300       smull            r6,r3,r0,r0 ; 
   84 0000005C EB03 0004       add              r0, r3, r4  ; somme des carré d
                                                            es parties réelles 
                                                            et imaginaires 
   85 00000060 BD00            pop              {pc}
   86 00000062         
   87 00000062                 endp
   88 00000062         
   89 00000062 BF00            nop
   90 00000064                 end
              00000000 
              00000000 
              00000000 
Command Line: --debug --xref --diag_suppress=9931 --cpu=Cortex-M3 --apcs=interw
ork --depend=.\obj\dft.d -o.\obj\dft.o -I.\RTE\_Simu -IC:\Users\HP\AppData\Loca
l\Arm\Packs\ARM\CMSIS\5.6.0\CMSIS\Core\Include -IC:\Users\HP\AppData\Local\Arm\
Packs\Keil\STM32F1xx_DFP\2.3.0\Device\Include --predefine="__EVAL SETA 1" --pre
define="__MICROLIB SETA 1" --predefine="__UVISION_VERSION SETA 529" --predefine
="_RTE_ SETA 1" --predefine="STM32F10X_MD SETA 1" --list=dft.lst dft.s



ARM Macro Assembler    Page 1 Alphabetic symbol ordering
Relocatable symbols

calculdft 00000000

Symbol: calculdft
   Definitions
      At line 21 in file dft.s
   Uses
      At line 72 in file dft.s
      At line 80 in file dft.s

dft 00000000

Symbol: dft
   Definitions
      At line 2 in file dft.s
   Uses
      None
Comment: dft unused
end_loop 00000036

Symbol: end_loop
   Definitions
      At line 54 in file dft.s
   Uses
      At line 52 in file dft.s
Comment: end_loop used once
loop 00000014

Symbol: loop
   Definitions
      At line 35 in file dft.s
   Uses
      At line 51 in file dft.s
Comment: loop used once
m2 0000003C

Symbol: m2
   Definitions
      At line 68 in file dft.s
   Uses
      At line 6 in file dft.s
Comment: m2 used once
5 symbols



ARM Macro Assembler    Page 1 Alphabetic symbol ordering
Absolute symbols

N 00000040

Symbol: N
   Definitions
      At line 19 in file dft.s
   Uses
      At line 49 in file dft.s
Comment: N used once
1 symbol



ARM Macro Assembler    Page 1 Alphabetic symbol ordering
External symbols

TabCos 00000000

Symbol: TabCos
   Definitions
      At line 4 in file dft.s
   Uses
      At line 26 in file dft.s
      At line 71 in file dft.s

TabSig 00000000

Symbol: TabSig
   Definitions
      At line 5 in file dft.s
   Uses
      At line 27 in file dft.s
Comment: TabSig used once
TabSin 00000000

Symbol: TabSin
   Definitions
      At line 3 in file dft.s
   Uses
      At line 78 in file dft.s
Comment: TabSin used once
3 symbols
346 symbols in table
